Performing C SOURCE FILE Test CMAKE_HAVE_LIBC_PTHREAD failed with the following output:
Change Dir: /home/cole/Desktop/funny/turtlecoin/build/CMakeFiles/CMakeTmp

Run Build Command(s):/usr/bin/gmake cmTC_a6b47/fast && /usr/bin/gmake  -f CMakeFiles/cmTC_a6b47.dir/build.make CMakeFiles/cmTC_a6b47.dir/build
gmake[1]: Entering directory '/home/cole/Desktop/funny/turtlecoin/build/CMakeFiles/CMakeTmp'
Building C object CMakeFiles/cmTC_a6b47.dir/src.c.o
/usr/bin/cc   -DCMAKE_HAVE_LIBC_PTHREAD -o CMakeFiles/cmTC_a6b47.dir/src.c.o -c /home/cole/Desktop/funny/turtlecoin/build/CMakeFiles/CMakeTmp/src.c
Linking C executable cmTC_a6b47
/usr/bin/cmake -E cmake_link_script CMakeFiles/cmTC_a6b47.dir/link.txt --verbose=1
/usr/bin/cc  -DCMAKE_HAVE_LIBC_PTHREAD CMakeFiles/cmTC_a6b47.dir/src.c.o -o cmTC_a6b47 
/usr/bin/ld: CMakeFiles/cmTC_a6b47.dir/src.c.o: in function `main':
src.c:(.text+0x2f): undefined reference to `pthread_create'
/usr/bin/ld: src.c:(.text+0x3b): undefined reference to `pthread_detach'
/usr/bin/ld: src.c:(.text+0x47): undefined reference to `pthread_cancel'
/usr/bin/ld: src.c:(.text+0x58): undefined reference to `pthread_join'
collect2: error: ld returned 1 exit status
gmake[1]: *** [CMakeFiles/cmTC_a6b47.dir/build.make:106: cmTC_a6b47] Error 1
gmake[1]: Leaving directory '/home/cole/Desktop/funny/turtlecoin/build/CMakeFiles/CMakeTmp'
gmake: *** [Makefile:140: cmTC_a6b47/fast] Error 2


Source file was:
#include <pthread.h>

void* test_func(void* data)
{
  return data;
}

int main(void)
{
  pthread_t thread;
  pthread_create(&thread, NULL, test_func, NULL);
  pthread_detach(thread);
  pthread_cancel(thread);
  pthread_join(thread, NULL);
  pthread_atfork(NULL, NULL, NULL);
  pthread_exit(NULL);

  return 0;
}

Determining if the function pthread_create exists in the pthreads failed with the following output:
Change Dir: /home/cole/Desktop/funny/turtlecoin/build/CMakeFiles/CMakeTmp

Run Build Command(s):/usr/bin/gmake cmTC_35801/fast && /usr/bin/gmake  -f CMakeFiles/cmTC_35801.dir/build.make CMakeFiles/cmTC_35801.dir/build
gmake[1]: Entering directory '/home/cole/Desktop/funny/turtlecoin/build/CMakeFiles/CMakeTmp'
Building C object CMakeFiles/cmTC_35801.dir/CheckFunctionExists.c.o
/usr/bin/cc   -DCHECK_FUNCTION_EXISTS=pthread_create -o CMakeFiles/cmTC_35801.dir/CheckFunctionExists.c.o -c /usr/share/cmake-3.18/Modules/CheckFunctionExists.c
Linking C executable cmTC_35801
/usr/bin/cmake -E cmake_link_script CMakeFiles/cmTC_35801.dir/link.txt --verbose=1
/usr/bin/cc  -DCHECK_FUNCTION_EXISTS=pthread_create CMakeFiles/cmTC_35801.dir/CheckFunctionExists.c.o -o cmTC_35801  -lpthreads 
/usr/bin/ld: cannot find -lpthreads
collect2: error: ld returned 1 exit status
gmake[1]: *** [CMakeFiles/cmTC_35801.dir/build.make:106: cmTC_35801] Error 1
gmake[1]: Leaving directory '/home/cole/Desktop/funny/turtlecoin/build/CMakeFiles/CMakeTmp'
gmake: *** [Makefile:140: cmTC_35801/fast] Error 2



Performing C++ SOURCE FILE Test check_cxx_compiler_flag__march_merom failed with the following output:
Change Dir: /home/cole/Desktop/funny/turtlecoin/build/CMakeFiles/CMakeTmp

Run Build Command(s):/usr/bin/gmake cmTC_8c39f/fast && /usr/bin/gmake  -f CMakeFiles/cmTC_8c39f.dir/build.make CMakeFiles/cmTC_8c39f.dir/build
gmake[1]: Entering directory '/home/cole/Desktop/funny/turtlecoin/build/CMakeFiles/CMakeTmp'
Building CXX object CMakeFiles/cmTC_8c39f.dir/src.cxx.o
/usr/bin/c++   -std=c++17  -Wall -Wextra -Wpointer-arith -Wvla -Wwrite-strings  -Wno-error=extra -Wno-error=unused-function -Wno-error=sign-compare -Wno-error=strict-aliasing -Wno-error=type-limits -Wno-unused-parameter -Wno-error=unused-variable -Wno-error=undef -Wno-error=uninitialized -Wno-error=unused-result -Wlogical-op -Wno-error=maybe-uninitialized -Wno-error=clobbered -Wno-error=unused-but-set-variable -Wno-error=odr -Wno-reorder -Wno-missing-field-initializers -march=native -maes -pthread -w -Wno-everything -Dcheck_cxx_compiler_flag__march_merom   -march=merom -o CMakeFiles/cmTC_8c39f.dir/src.cxx.o -c /home/cole/Desktop/funny/turtlecoin/build/CMakeFiles/CMakeTmp/src.cxx
cc1plus: error: bad value (‘merom’) for ‘-march=’ switch
cc1plus: note: valid arguments to ‘-march=’ switch are: nocona core2 nehalem corei7 westmere sandybridge corei7-avx ivybridge core-avx-i haswell core-avx2 broadwell skylake skylake-avx512 cannonlake icelake-client icelake-server cascadelake tigerlake cooperlake bonnell atom silvermont slm goldmont goldmont-plus tremont knl knm x86-64 x86-64-v2 x86-64-v3 x86-64-v4 eden-x2 nano nano-1000 nano-2000 nano-3000 nano-x2 eden-x4 nano-x4 k8 k8-sse3 opteron opteron-sse3 athlon64 athlon64-sse3 athlon-fx amdfam10 barcelona bdver1 bdver2 bdver3 bdver4 znver1 znver2 btver1 btver2 native
cc1plus: note: unrecognized command-line option ‘-Wno-everything’ may have been intended to silence earlier diagnostics
gmake[1]: *** [CMakeFiles/cmTC_8c39f.dir/build.make:85: CMakeFiles/cmTC_8c39f.dir/src.cxx.o] Error 1
gmake[1]: Leaving directory '/home/cole/Desktop/funny/turtlecoin/build/CMakeFiles/CMakeTmp'
gmake: *** [Makefile:140: cmTC_8c39f/fast] Error 2


Source file was:
#include <cstdio>
      int main() { return 0; }
Determining if the include file windows.h exists failed with the following output:
Change Dir: /home/cole/Desktop/funny/turtlecoin/build/CMakeFiles/CMakeTmp

Run Build Command(s):/usr/bin/gmake cmTC_6633c/fast && /usr/bin/gmake  -f CMakeFiles/cmTC_6633c.dir/build.make CMakeFiles/cmTC_6633c.dir/build
gmake[1]: Entering directory '/home/cole/Desktop/funny/turtlecoin/build/CMakeFiles/CMakeTmp'
Building C object CMakeFiles/cmTC_6633c.dir/CheckIncludeFile.c.o
/usr/bin/cc   -std=c11  -Wall -Wextra -Wpointer-arith -Wvla -Wwrite-strings  -Wno-error=extra -Wno-error=unused-function -Wno-error=sign-compare -Wno-error=strict-aliasing -Wno-error=type-limits -Wno-unused-parameter -Wno-error=unused-variable -Wno-error=undef -Wno-error=uninitialized -Wno-error=unused-result -Wlogical-op -Wno-error=maybe-uninitialized -Wno-error=clobbered -Wno-error=unused-but-set-variable -Wno-error=odr -Waggregate-return -Wnested-externs -Wold-style-definition -Wstrict-prototypes -Wno-implicit-fallthrough -march=native -maes -w -Wno-everything  -o CMakeFiles/cmTC_6633c.dir/CheckIncludeFile.c.o -c /home/cole/Desktop/funny/turtlecoin/build/CMakeFiles/CMakeTmp/CheckIncludeFile.c
/home/cole/Desktop/funny/turtlecoin/build/CMakeFiles/CMakeTmp/CheckIncludeFile.c:1:10: fatal error: windows.h: No such file or directory
    1 | #include <windows.h>
      |          ^~~~~~~~~~~
compilation terminated.
gmake[1]: *** [CMakeFiles/cmTC_6633c.dir/build.make:85: CMakeFiles/cmTC_6633c.dir/CheckIncludeFile.c.o] Error 1
gmake[1]: Leaving directory '/home/cole/Desktop/funny/turtlecoin/build/CMakeFiles/CMakeTmp'
gmake: *** [Makefile:140: cmTC_6633c/fast] Error 2



Determining if the function lzo1x_1_15_compress exists in the lzo2 failed with the following output:
Change Dir: /home/cole/Desktop/funny/turtlecoin/build/CMakeFiles/CMakeTmp

Run Build Command(s):/usr/bin/gmake cmTC_4d274/fast && /usr/bin/gmake  -f CMakeFiles/cmTC_4d274.dir/build.make CMakeFiles/cmTC_4d274.dir/build
gmake[1]: Entering directory '/home/cole/Desktop/funny/turtlecoin/build/CMakeFiles/CMakeTmp'
Building C object CMakeFiles/cmTC_4d274.dir/CheckFunctionExists.c.o
/usr/bin/cc   -std=c11  -Wall -Wextra -Wpointer-arith -Wvla -Wwrite-strings  -Wno-error=extra -Wno-error=unused-function -Wno-error=sign-compare -Wno-error=strict-aliasing -Wno-error=type-limits -Wno-unused-parameter -Wno-error=unused-variable -Wno-error=undef -Wno-error=uninitialized -Wno-error=unused-result -Wlogical-op -Wno-error=maybe-uninitialized -Wno-error=clobbered -Wno-error=unused-but-set-variable -Wno-error=odr -Waggregate-return -Wnested-externs -Wold-style-definition -Wstrict-prototypes -Wno-implicit-fallthrough -march=native -maes -w -Wno-everything -DCHECK_FUNCTION_EXISTS=lzo1x_1_15_compress -o CMakeFiles/cmTC_4d274.dir/CheckFunctionExists.c.o -c /usr/share/cmake-3.18/Modules/CheckFunctionExists.c
Linking C executable cmTC_4d274
/usr/bin/cmake -E cmake_link_script CMakeFiles/cmTC_4d274.dir/link.txt --verbose=1
/usr/bin/cc  -std=c11  -Wall -Wextra -Wpointer-arith -Wvla -Wwrite-strings  -Wno-error=extra -Wno-error=unused-function -Wno-error=sign-compare -Wno-error=strict-aliasing -Wno-error=type-limits -Wno-unused-parameter -Wno-error=unused-variable -Wno-error=undef -Wno-error=uninitialized -Wno-error=unused-result -Wlogical-op -Wno-error=maybe-uninitialized -Wno-error=clobbered -Wno-error=unused-but-set-variable -Wno-error=odr -Waggregate-return -Wnested-externs -Wold-style-definition -Wstrict-prototypes -Wno-implicit-fallthrough -march=native -maes -w -Wno-everything -DCHECK_FUNCTION_EXISTS=lzo1x_1_15_compress  -static-libgcc -static-libstdc++  CMakeFiles/cmTC_4d274.dir/CheckFunctionExists.c.o -o cmTC_4d274  -llzo2 
/usr/bin/ld: cannot find -llzo2
collect2: error: ld returned 1 exit status
gmake[1]: *** [CMakeFiles/cmTC_4d274.dir/build.make:106: cmTC_4d274] Error 1
gmake[1]: Leaving directory '/home/cole/Desktop/funny/turtlecoin/build/CMakeFiles/CMakeTmp'
gmake: *** [Makefile:140: cmTC_4d274/fast] Error 2



Determining if the function LZ4_compress_default exists in the lz4 failed with the following output:
Change Dir: /home/cole/Desktop/funny/turtlecoin/build/CMakeFiles/CMakeTmp

Run Build Command(s):/usr/bin/gmake cmTC_31868/fast && /usr/bin/gmake  -f CMakeFiles/cmTC_31868.dir/build.make CMakeFiles/cmTC_31868.dir/build
gmake[1]: Entering directory '/home/cole/Desktop/funny/turtlecoin/build/CMakeFiles/CMakeTmp'
Building C object CMakeFiles/cmTC_31868.dir/CheckFunctionExists.c.o
/usr/bin/cc   -std=c11  -Wall -Wextra -Wpointer-arith -Wvla -Wwrite-strings  -Wno-error=extra -Wno-error=unused-function -Wno-error=sign-compare -Wno-error=strict-aliasing -Wno-error=type-limits -Wno-unused-parameter -Wno-error=unused-variable -Wno-error=undef -Wno-error=uninitialized -Wno-error=unused-result -Wlogical-op -Wno-error=maybe-uninitialized -Wno-error=clobbered -Wno-error=unused-but-set-variable -Wno-error=odr -Waggregate-return -Wnested-externs -Wold-style-definition -Wstrict-prototypes -Wno-implicit-fallthrough -march=native -maes -w -Wno-everything -DCHECK_FUNCTION_EXISTS=LZ4_compress_default -o CMakeFiles/cmTC_31868.dir/CheckFunctionExists.c.o -c /usr/share/cmake-3.18/Modules/CheckFunctionExists.c
Linking C executable cmTC_31868
/usr/bin/cmake -E cmake_link_script CMakeFiles/cmTC_31868.dir/link.txt --verbose=1
/usr/bin/cc  -std=c11  -Wall -Wextra -Wpointer-arith -Wvla -Wwrite-strings  -Wno-error=extra -Wno-error=unused-function -Wno-error=sign-compare -Wno-error=strict-aliasing -Wno-error=type-limits -Wno-unused-parameter -Wno-error=unused-variable -Wno-error=undef -Wno-error=uninitialized -Wno-error=unused-result -Wlogical-op -Wno-error=maybe-uninitialized -Wno-error=clobbered -Wno-error=unused-but-set-variable -Wno-error=odr -Waggregate-return -Wnested-externs -Wold-style-definition -Wstrict-prototypes -Wno-implicit-fallthrough -march=native -maes -w -Wno-everything -DCHECK_FUNCTION_EXISTS=LZ4_compress_default  -static-libgcc -static-libstdc++  CMakeFiles/cmTC_31868.dir/CheckFunctionExists.c.o -o cmTC_31868  -llz4 
/usr/bin/ld: cannot find -llz4
collect2: error: ld returned 1 exit status
gmake[1]: *** [CMakeFiles/cmTC_31868.dir/build.make:106: cmTC_31868] Error 1
gmake[1]: Leaving directory '/home/cole/Desktop/funny/turtlecoin/build/CMakeFiles/CMakeTmp'
gmake: *** [Makefile:140: cmTC_31868/fast] Error 2



Performing C++ SOURCE FILE Test HAVE_VISUAL_STUDIO_ARCH_AVX failed with the following output:
Change Dir: /home/cole/Desktop/funny/turtlecoin/build/CMakeFiles/CMakeTmp

Run Build Command(s):/usr/bin/gmake cmTC_e5435/fast && /usr/bin/gmake  -f CMakeFiles/cmTC_e5435.dir/build.make CMakeFiles/cmTC_e5435.dir/build
gmake[1]: Entering directory '/home/cole/Desktop/funny/turtlecoin/build/CMakeFiles/CMakeTmp'
Building CXX object CMakeFiles/cmTC_e5435.dir/src.cxx.o
/usr/bin/c++   -std=c++17  -Wall -Wextra -Wpointer-arith -Wvla -Wwrite-strings  -Wno-error=extra -Wno-error=unused-function -Wno-error=sign-compare -Wno-error=strict-aliasing -Wno-error=type-limits -Wno-unused-parameter -Wno-error=unused-variable -Wno-error=undef -Wno-error=uninitialized -Wno-error=unused-result -Wlogical-op -Wno-error=maybe-uninitialized -Wno-error=clobbered -Wno-error=unused-but-set-variable -Wno-error=odr -Wno-reorder -Wno-missing-field-initializers -march=native -maes -pthread -w -Wno-everything -fno-exceptions -fno-rtti -DHAVE_VISUAL_STUDIO_ARCH_AVX   /arch:AVX -o CMakeFiles/cmTC_e5435.dir/src.cxx.o -c /home/cole/Desktop/funny/turtlecoin/build/CMakeFiles/CMakeTmp/src.cxx
c++: error: /arch:AVX: No such file or directory
gmake[1]: *** [CMakeFiles/cmTC_e5435.dir/build.make:85: CMakeFiles/cmTC_e5435.dir/src.cxx.o] Error 1
gmake[1]: Leaving directory '/home/cole/Desktop/funny/turtlecoin/build/CMakeFiles/CMakeTmp'
gmake: *** [Makefile:140: cmTC_e5435/fast] Error 2


Source file was:
int main() { return 0;}
Performing C++ SOURCE FILE Test HAVE_VISUAL_STUDIO_ARCH_AVX2 failed with the following output:
Change Dir: /home/cole/Desktop/funny/turtlecoin/build/CMakeFiles/CMakeTmp

Run Build Command(s):/usr/bin/gmake cmTC_a89c5/fast && /usr/bin/gmake  -f CMakeFiles/cmTC_a89c5.dir/build.make CMakeFiles/cmTC_a89c5.dir/build
gmake[1]: Entering directory '/home/cole/Desktop/funny/turtlecoin/build/CMakeFiles/CMakeTmp'
Building CXX object CMakeFiles/cmTC_a89c5.dir/src.cxx.o
/usr/bin/c++   -std=c++17  -Wall -Wextra -Wpointer-arith -Wvla -Wwrite-strings  -Wno-error=extra -Wno-error=unused-function -Wno-error=sign-compare -Wno-error=strict-aliasing -Wno-error=type-limits -Wno-unused-parameter -Wno-error=unused-variable -Wno-error=undef -Wno-error=uninitialized -Wno-error=unused-result -Wlogical-op -Wno-error=maybe-uninitialized -Wno-error=clobbered -Wno-error=unused-but-set-variable -Wno-error=odr -Wno-reorder -Wno-missing-field-initializers -march=native -maes -pthread -w -Wno-everything -fno-exceptions -fno-rtti -DHAVE_VISUAL_STUDIO_ARCH_AVX2   /arch:AVX2 -o CMakeFiles/cmTC_a89c5.dir/src.cxx.o -c /home/cole/Desktop/funny/turtlecoin/build/CMakeFiles/CMakeTmp/src.cxx
c++: error: /arch:AVX2: No such file or directory
gmake[1]: *** [CMakeFiles/cmTC_a89c5.dir/build.make:85: CMakeFiles/cmTC_a89c5.dir/src.cxx.o] Error 1
gmake[1]: Leaving directory '/home/cole/Desktop/funny/turtlecoin/build/CMakeFiles/CMakeTmp'
gmake: *** [Makefile:140: cmTC_a89c5/fast] Error 2


Source file was:
int main() { return 0;}
Performing C++ SOURCE FILE Test SNAPPY_HAVE_NEON failed with the following output:
Change Dir: /home/cole/Desktop/funny/turtlecoin/build/CMakeFiles/CMakeTmp

Run Build Command(s):/usr/bin/gmake cmTC_b4264/fast && /usr/bin/gmake  -f CMakeFiles/cmTC_b4264.dir/build.make CMakeFiles/cmTC_b4264.dir/build
gmake[1]: Entering directory '/home/cole/Desktop/funny/turtlecoin/build/CMakeFiles/CMakeTmp'
Building CXX object CMakeFiles/cmTC_b4264.dir/src.cxx.o
/usr/bin/c++   -std=c++17  -Wall -Wextra -Wpointer-arith -Wvla -Wwrite-strings  -Wno-error=extra -Wno-error=unused-function -Wno-error=sign-compare -Wno-error=strict-aliasing -Wno-error=type-limits -Wno-unused-parameter -Wno-error=unused-variable -Wno-error=undef -Wno-error=uninitialized -Wno-error=unused-result -Wlogical-op -Wno-error=maybe-uninitialized -Wno-error=clobbered -Wno-error=unused-but-set-variable -Wno-error=odr -Wno-reorder -Wno-missing-field-initializers -march=native -maes -pthread -w -Wno-everything -fno-exceptions -fno-rtti -DSNAPPY_HAVE_NEON -o CMakeFiles/cmTC_b4264.dir/src.cxx.o -c /home/cole/Desktop/funny/turtlecoin/build/CMakeFiles/CMakeTmp/src.cxx
/home/cole/Desktop/funny/turtlecoin/build/CMakeFiles/CMakeTmp/src.cxx:2:10: fatal error: arm_neon.h: No such file or directory
    2 | #include <arm_neon.h>
      |          ^~~~~~~~~~~~
compilation terminated.
gmake[1]: *** [CMakeFiles/cmTC_b4264.dir/build.make:85: CMakeFiles/cmTC_b4264.dir/src.cxx.o] Error 1
gmake[1]: Leaving directory '/home/cole/Desktop/funny/turtlecoin/build/CMakeFiles/CMakeTmp'
gmake: *** [Makefile:140: cmTC_b4264/fast] Error 2


Source file was:

#include <arm_neon.h>
int main() {
  uint8_t val = 3, dup[8];
  uint8x16_t v = vld1q_dup_u8(&val);
  vst1q_u8(dup, v);
  return 0;
}
Performing C SOURCE FILE Test CMAKE_HAVE_LIBC_PTHREAD failed with the following output:
Change Dir: /home/cole/Desktop/funny/tirtlecoin/build/CMakeFiles/CMakeTmp

Run Build Command(s):/usr/bin/gmake cmTC_deaa7/fast && /usr/bin/gmake  -f CMakeFiles/cmTC_deaa7.dir/build.make CMakeFiles/cmTC_deaa7.dir/build
gmake[1]: Entering directory '/home/cole/Desktop/funny/tirtlecoin/build/CMakeFiles/CMakeTmp'
Building C object CMakeFiles/cmTC_deaa7.dir/src.c.o
/usr/bin/cc   -DCMAKE_HAVE_LIBC_PTHREAD -o CMakeFiles/cmTC_deaa7.dir/src.c.o -c /home/cole/Desktop/funny/tirtlecoin/build/CMakeFiles/CMakeTmp/src.c
Linking C executable cmTC_deaa7
/usr/bin/cmake -E cmake_link_script CMakeFiles/cmTC_deaa7.dir/link.txt --verbose=1
/usr/bin/cc  -DCMAKE_HAVE_LIBC_PTHREAD CMakeFiles/cmTC_deaa7.dir/src.c.o -o cmTC_deaa7 
/usr/bin/ld: CMakeFiles/cmTC_deaa7.dir/src.c.o: in function `main':
src.c:(.text+0x2f): undefined reference to `pthread_create'
/usr/bin/ld: src.c:(.text+0x3b): undefined reference to `pthread_detach'
/usr/bin/ld: src.c:(.text+0x47): undefined reference to `pthread_cancel'
/usr/bin/ld: src.c:(.text+0x58): undefined reference to `pthread_join'
collect2: error: ld returned 1 exit status
gmake[1]: *** [CMakeFiles/cmTC_deaa7.dir/build.make:106: cmTC_deaa7] Error 1
gmake[1]: Leaving directory '/home/cole/Desktop/funny/tirtlecoin/build/CMakeFiles/CMakeTmp'
gmake: *** [Makefile:140: cmTC_deaa7/fast] Error 2


Source file was:
#include <pthread.h>

void* test_func(void* data)
{
  return data;
}

int main(void)
{
  pthread_t thread;
  pthread_create(&thread, NULL, test_func, NULL);
  pthread_detach(thread);
  pthread_cancel(thread);
  pthread_join(thread, NULL);
  pthread_atfork(NULL, NULL, NULL);
  pthread_exit(NULL);

  return 0;
}

Determining if the function pthread_create exists in the pthreads failed with the following output:
Change Dir: /home/cole/Desktop/funny/tirtlecoin/build/CMakeFiles/CMakeTmp

Run Build Command(s):/usr/bin/gmake cmTC_f11cb/fast && /usr/bin/gmake  -f CMakeFiles/cmTC_f11cb.dir/build.make CMakeFiles/cmTC_f11cb.dir/build
gmake[1]: Entering directory '/home/cole/Desktop/funny/tirtlecoin/build/CMakeFiles/CMakeTmp'
Building C object CMakeFiles/cmTC_f11cb.dir/CheckFunctionExists.c.o
/usr/bin/cc   -DCHECK_FUNCTION_EXISTS=pthread_create -o CMakeFiles/cmTC_f11cb.dir/CheckFunctionExists.c.o -c /usr/share/cmake-3.18/Modules/CheckFunctionExists.c
Linking C executable cmTC_f11cb
/usr/bin/cmake -E cmake_link_script CMakeFiles/cmTC_f11cb.dir/link.txt --verbose=1
/usr/bin/cc  -DCHECK_FUNCTION_EXISTS=pthread_create CMakeFiles/cmTC_f11cb.dir/CheckFunctionExists.c.o -o cmTC_f11cb  -lpthreads 
/usr/bin/ld: cannot find -lpthreads
collect2: error: ld returned 1 exit status
gmake[1]: *** [CMakeFiles/cmTC_f11cb.dir/build.make:106: cmTC_f11cb] Error 1
gmake[1]: Leaving directory '/home/cole/Desktop/funny/tirtlecoin/build/CMakeFiles/CMakeTmp'
gmake: *** [Makefile:140: cmTC_f11cb/fast] Error 2



Performing C++ SOURCE FILE Test check_cxx_compiler_flag__march_merom failed with the following output:
Change Dir: /home/cole/Desktop/funny/tirtlecoin/build/CMakeFiles/CMakeTmp

Run Build Command(s):/usr/bin/gmake cmTC_6326c/fast && /usr/bin/gmake  -f CMakeFiles/cmTC_6326c.dir/build.make CMakeFiles/cmTC_6326c.dir/build
gmake[1]: Entering directory '/home/cole/Desktop/funny/tirtlecoin/build/CMakeFiles/CMakeTmp'
Building CXX object CMakeFiles/cmTC_6326c.dir/src.cxx.o
/usr/bin/c++   -std=c++17  -Wall -Wextra -Wpointer-arith -Wvla -Wwrite-strings  -Wno-error=extra -Wno-error=unused-function -Wno-error=sign-compare -Wno-error=strict-aliasing -Wno-error=type-limits -Wno-unused-parameter -Wno-error=unused-variable -Wno-error=undef -Wno-error=uninitialized -Wno-error=unused-result -Wlogical-op -Wno-error=maybe-uninitialized -Wno-error=clobbered -Wno-error=unused-but-set-variable -Wno-error=odr -Wno-reorder -Wno-missing-field-initializers -march=native -maes -pthread -w -Wno-everything -Dcheck_cxx_compiler_flag__march_merom   -march=merom -o CMakeFiles/cmTC_6326c.dir/src.cxx.o -c /home/cole/Desktop/funny/tirtlecoin/build/CMakeFiles/CMakeTmp/src.cxx
cc1plus: error: bad value (‘merom’) for ‘-march=’ switch
cc1plus: note: valid arguments to ‘-march=’ switch are: nocona core2 nehalem corei7 westmere sandybridge corei7-avx ivybridge core-avx-i haswell core-avx2 broadwell skylake skylake-avx512 cannonlake icelake-client icelake-server cascadelake tigerlake cooperlake bonnell atom silvermont slm goldmont goldmont-plus tremont knl knm x86-64 x86-64-v2 x86-64-v3 x86-64-v4 eden-x2 nano nano-1000 nano-2000 nano-3000 nano-x2 eden-x4 nano-x4 k8 k8-sse3 opteron opteron-sse3 athlon64 athlon64-sse3 athlon-fx amdfam10 barcelona bdver1 bdver2 bdver3 bdver4 znver1 znver2 btver1 btver2 native
cc1plus: note: unrecognized command-line option ‘-Wno-everything’ may have been intended to silence earlier diagnostics
gmake[1]: *** [CMakeFiles/cmTC_6326c.dir/build.make:85: CMakeFiles/cmTC_6326c.dir/src.cxx.o] Error 1
gmake[1]: Leaving directory '/home/cole/Desktop/funny/tirtlecoin/build/CMakeFiles/CMakeTmp'
gmake: *** [Makefile:140: cmTC_6326c/fast] Error 2


Source file was:
#include <cstdio>
      int main() { return 0; }
Determining if the include file windows.h exists failed with the following output:
Change Dir: /home/cole/Desktop/funny/tirtlecoin/build/CMakeFiles/CMakeTmp

Run Build Command(s):/usr/bin/gmake cmTC_af791/fast && /usr/bin/gmake  -f CMakeFiles/cmTC_af791.dir/build.make CMakeFiles/cmTC_af791.dir/build
gmake[1]: Entering directory '/home/cole/Desktop/funny/tirtlecoin/build/CMakeFiles/CMakeTmp'
Building C object CMakeFiles/cmTC_af791.dir/CheckIncludeFile.c.o
/usr/bin/cc   -std=c11  -Wall -Wextra -Wpointer-arith -Wvla -Wwrite-strings  -Wno-error=extra -Wno-error=unused-function -Wno-error=sign-compare -Wno-error=strict-aliasing -Wno-error=type-limits -Wno-unused-parameter -Wno-error=unused-variable -Wno-error=undef -Wno-error=uninitialized -Wno-error=unused-result -Wlogical-op -Wno-error=maybe-uninitialized -Wno-error=clobbered -Wno-error=unused-but-set-variable -Wno-error=odr -Waggregate-return -Wnested-externs -Wold-style-definition -Wstrict-prototypes -Wno-implicit-fallthrough -march=native -maes -w -Wno-everything  -o CMakeFiles/cmTC_af791.dir/CheckIncludeFile.c.o -c /home/cole/Desktop/funny/tirtlecoin/build/CMakeFiles/CMakeTmp/CheckIncludeFile.c
/home/cole/Desktop/funny/tirtlecoin/build/CMakeFiles/CMakeTmp/CheckIncludeFile.c:1:10: fatal error: windows.h: No such file or directory
    1 | #include <windows.h>
      |          ^~~~~~~~~~~
compilation terminated.
gmake[1]: *** [CMakeFiles/cmTC_af791.dir/build.make:85: CMakeFiles/cmTC_af791.dir/CheckIncludeFile.c.o] Error 1
gmake[1]: Leaving directory '/home/cole/Desktop/funny/tirtlecoin/build/CMakeFiles/CMakeTmp'
gmake: *** [Makefile:140: cmTC_af791/fast] Error 2



Determining if the function lzo1x_1_15_compress exists in the lzo2 failed with the following output:
Change Dir: /home/cole/Desktop/funny/tirtlecoin/build/CMakeFiles/CMakeTmp

Run Build Command(s):/usr/bin/gmake cmTC_520cd/fast && /usr/bin/gmake  -f CMakeFiles/cmTC_520cd.dir/build.make CMakeFiles/cmTC_520cd.dir/build
gmake[1]: Entering directory '/home/cole/Desktop/funny/tirtlecoin/build/CMakeFiles/CMakeTmp'
Building C object CMakeFiles/cmTC_520cd.dir/CheckFunctionExists.c.o
/usr/bin/cc   -std=c11  -Wall -Wextra -Wpointer-arith -Wvla -Wwrite-strings  -Wno-error=extra -Wno-error=unused-function -Wno-error=sign-compare -Wno-error=strict-aliasing -Wno-error=type-limits -Wno-unused-parameter -Wno-error=unused-variable -Wno-error=undef -Wno-error=uninitialized -Wno-error=unused-result -Wlogical-op -Wno-error=maybe-uninitialized -Wno-error=clobbered -Wno-error=unused-but-set-variable -Wno-error=odr -Waggregate-return -Wnested-externs -Wold-style-definition -Wstrict-prototypes -Wno-implicit-fallthrough -march=native -maes -w -Wno-everything -DCHECK_FUNCTION_EXISTS=lzo1x_1_15_compress -o CMakeFiles/cmTC_520cd.dir/CheckFunctionExists.c.o -c /usr/share/cmake-3.18/Modules/CheckFunctionExists.c
Linking C executable cmTC_520cd
/usr/bin/cmake -E cmake_link_script CMakeFiles/cmTC_520cd.dir/link.txt --verbose=1
/usr/bin/cc  -std=c11  -Wall -Wextra -Wpointer-arith -Wvla -Wwrite-strings  -Wno-error=extra -Wno-error=unused-function -Wno-error=sign-compare -Wno-error=strict-aliasing -Wno-error=type-limits -Wno-unused-parameter -Wno-error=unused-variable -Wno-error=undef -Wno-error=uninitialized -Wno-error=unused-result -Wlogical-op -Wno-error=maybe-uninitialized -Wno-error=clobbered -Wno-error=unused-but-set-variable -Wno-error=odr -Waggregate-return -Wnested-externs -Wold-style-definition -Wstrict-prototypes -Wno-implicit-fallthrough -march=native -maes -w -Wno-everything -DCHECK_FUNCTION_EXISTS=lzo1x_1_15_compress  -static-libgcc -static-libstdc++  CMakeFiles/cmTC_520cd.dir/CheckFunctionExists.c.o -o cmTC_520cd  -llzo2 
/usr/bin/ld: cannot find -llzo2
collect2: error: ld returned 1 exit status
gmake[1]: *** [CMakeFiles/cmTC_520cd.dir/build.make:106: cmTC_520cd] Error 1
gmake[1]: Leaving directory '/home/cole/Desktop/funny/tirtlecoin/build/CMakeFiles/CMakeTmp'
gmake: *** [Makefile:140: cmTC_520cd/fast] Error 2



Determining if the function LZ4_compress_default exists in the lz4 failed with the following output:
Change Dir: /home/cole/Desktop/funny/tirtlecoin/build/CMakeFiles/CMakeTmp

Run Build Command(s):/usr/bin/gmake cmTC_b9e6c/fast && /usr/bin/gmake  -f CMakeFiles/cmTC_b9e6c.dir/build.make CMakeFiles/cmTC_b9e6c.dir/build
gmake[1]: Entering directory '/home/cole/Desktop/funny/tirtlecoin/build/CMakeFiles/CMakeTmp'
Building C object CMakeFiles/cmTC_b9e6c.dir/CheckFunctionExists.c.o
/usr/bin/cc   -std=c11  -Wall -Wextra -Wpointer-arith -Wvla -Wwrite-strings  -Wno-error=extra -Wno-error=unused-function -Wno-error=sign-compare -Wno-error=strict-aliasing -Wno-error=type-limits -Wno-unused-parameter -Wno-error=unused-variable -Wno-error=undef -Wno-error=uninitialized -Wno-error=unused-result -Wlogical-op -Wno-error=maybe-uninitialized -Wno-error=clobbered -Wno-error=unused-but-set-variable -Wno-error=odr -Waggregate-return -Wnested-externs -Wold-style-definition -Wstrict-prototypes -Wno-implicit-fallthrough -march=native -maes -w -Wno-everything -DCHECK_FUNCTION_EXISTS=LZ4_compress_default -o CMakeFiles/cmTC_b9e6c.dir/CheckFunctionExists.c.o -c /usr/share/cmake-3.18/Modules/CheckFunctionExists.c
Linking C executable cmTC_b9e6c
/usr/bin/cmake -E cmake_link_script CMakeFiles/cmTC_b9e6c.dir/link.txt --verbose=1
/usr/bin/cc  -std=c11  -Wall -Wextra -Wpointer-arith -Wvla -Wwrite-strings  -Wno-error=extra -Wno-error=unused-function -Wno-error=sign-compare -Wno-error=strict-aliasing -Wno-error=type-limits -Wno-unused-parameter -Wno-error=unused-variable -Wno-error=undef -Wno-error=uninitialized -Wno-error=unused-result -Wlogical-op -Wno-error=maybe-uninitialized -Wno-error=clobbered -Wno-error=unused-but-set-variable -Wno-error=odr -Waggregate-return -Wnested-externs -Wold-style-definition -Wstrict-prototypes -Wno-implicit-fallthrough -march=native -maes -w -Wno-everything -DCHECK_FUNCTION_EXISTS=LZ4_compress_default  -static-libgcc -static-libstdc++  CMakeFiles/cmTC_b9e6c.dir/CheckFunctionExists.c.o -o cmTC_b9e6c  -llz4 
/usr/bin/ld: cannot find -llz4
collect2: error: ld returned 1 exit status
gmake[1]: *** [CMakeFiles/cmTC_b9e6c.dir/build.make:106: cmTC_b9e6c] Error 1
gmake[1]: Leaving directory '/home/cole/Desktop/funny/tirtlecoin/build/CMakeFiles/CMakeTmp'
gmake: *** [Makefile:140: cmTC_b9e6c/fast] Error 2



Performing C++ SOURCE FILE Test HAVE_VISUAL_STUDIO_ARCH_AVX failed with the following output:
Change Dir: /home/cole/Desktop/funny/tirtlecoin/build/CMakeFiles/CMakeTmp

Run Build Command(s):/usr/bin/gmake cmTC_f9e36/fast && /usr/bin/gmake  -f CMakeFiles/cmTC_f9e36.dir/build.make CMakeFiles/cmTC_f9e36.dir/build
gmake[1]: Entering directory '/home/cole/Desktop/funny/tirtlecoin/build/CMakeFiles/CMakeTmp'
Building CXX object CMakeFiles/cmTC_f9e36.dir/src.cxx.o
/usr/bin/c++   -std=c++17  -Wall -Wextra -Wpointer-arith -Wvla -Wwrite-strings  -Wno-error=extra -Wno-error=unused-function -Wno-error=sign-compare -Wno-error=strict-aliasing -Wno-error=type-limits -Wno-unused-parameter -Wno-error=unused-variable -Wno-error=undef -Wno-error=uninitialized -Wno-error=unused-result -Wlogical-op -Wno-error=maybe-uninitialized -Wno-error=clobbered -Wno-error=unused-but-set-variable -Wno-error=odr -Wno-reorder -Wno-missing-field-initializers -march=native -maes -pthread -w -Wno-everything -fno-exceptions -fno-rtti -DHAVE_VISUAL_STUDIO_ARCH_AVX   /arch:AVX -o CMakeFiles/cmTC_f9e36.dir/src.cxx.o -c /home/cole/Desktop/funny/tirtlecoin/build/CMakeFiles/CMakeTmp/src.cxx
c++: error: /arch:AVX: No such file or directory
gmake[1]: *** [CMakeFiles/cmTC_f9e36.dir/build.make:85: CMakeFiles/cmTC_f9e36.dir/src.cxx.o] Error 1
gmake[1]: Leaving directory '/home/cole/Desktop/funny/tirtlecoin/build/CMakeFiles/CMakeTmp'
gmake: *** [Makefile:140: cmTC_f9e36/fast] Error 2


Source file was:
int main() { return 0;}
Performing C++ SOURCE FILE Test HAVE_VISUAL_STUDIO_ARCH_AVX2 failed with the following output:
Change Dir: /home/cole/Desktop/funny/tirtlecoin/build/CMakeFiles/CMakeTmp

Run Build Command(s):/usr/bin/gmake cmTC_aeddf/fast && /usr/bin/gmake  -f CMakeFiles/cmTC_aeddf.dir/build.make CMakeFiles/cmTC_aeddf.dir/build
gmake[1]: Entering directory '/home/cole/Desktop/funny/tirtlecoin/build/CMakeFiles/CMakeTmp'
Building CXX object CMakeFiles/cmTC_aeddf.dir/src.cxx.o
/usr/bin/c++   -std=c++17  -Wall -Wextra -Wpointer-arith -Wvla -Wwrite-strings  -Wno-error=extra -Wno-error=unused-function -Wno-error=sign-compare -Wno-error=strict-aliasing -Wno-error=type-limits -Wno-unused-parameter -Wno-error=unused-variable -Wno-error=undef -Wno-error=uninitialized -Wno-error=unused-result -Wlogical-op -Wno-error=maybe-uninitialized -Wno-error=clobbered -Wno-error=unused-but-set-variable -Wno-error=odr -Wno-reorder -Wno-missing-field-initializers -march=native -maes -pthread -w -Wno-everything -fno-exceptions -fno-rtti -DHAVE_VISUAL_STUDIO_ARCH_AVX2   /arch:AVX2 -o CMakeFiles/cmTC_aeddf.dir/src.cxx.o -c /home/cole/Desktop/funny/tirtlecoin/build/CMakeFiles/CMakeTmp/src.cxx
c++: error: /arch:AVX2: No such file or directory
gmake[1]: *** [CMakeFiles/cmTC_aeddf.dir/build.make:85: CMakeFiles/cmTC_aeddf.dir/src.cxx.o] Error 1
gmake[1]: Leaving directory '/home/cole/Desktop/funny/tirtlecoin/build/CMakeFiles/CMakeTmp'
gmake: *** [Makefile:140: cmTC_aeddf/fast] Error 2


Source file was:
int main() { return 0;}
Performing C++ SOURCE FILE Test SNAPPY_HAVE_NEON failed with the following output:
Change Dir: /home/cole/Desktop/funny/tirtlecoin/build/CMakeFiles/CMakeTmp

Run Build Command(s):/usr/bin/gmake cmTC_b4655/fast && /usr/bin/gmake  -f CMakeFiles/cmTC_b4655.dir/build.make CMakeFiles/cmTC_b4655.dir/build
gmake[1]: Entering directory '/home/cole/Desktop/funny/tirtlecoin/build/CMakeFiles/CMakeTmp'
Building CXX object CMakeFiles/cmTC_b4655.dir/src.cxx.o
/usr/bin/c++   -std=c++17  -Wall -Wextra -Wpointer-arith -Wvla -Wwrite-strings  -Wno-error=extra -Wno-error=unused-function -Wno-error=sign-compare -Wno-error=strict-aliasing -Wno-error=type-limits -Wno-unused-parameter -Wno-error=unused-variable -Wno-error=undef -Wno-error=uninitialized -Wno-error=unused-result -Wlogical-op -Wno-error=maybe-uninitialized -Wno-error=clobbered -Wno-error=unused-but-set-variable -Wno-error=odr -Wno-reorder -Wno-missing-field-initializers -march=native -maes -pthread -w -Wno-everything -fno-exceptions -fno-rtti -DSNAPPY_HAVE_NEON -o CMakeFiles/cmTC_b4655.dir/src.cxx.o -c /home/cole/Desktop/funny/tirtlecoin/build/CMakeFiles/CMakeTmp/src.cxx
/home/cole/Desktop/funny/tirtlecoin/build/CMakeFiles/CMakeTmp/src.cxx:2:10: fatal error: arm_neon.h: No such file or directory
    2 | #include <arm_neon.h>
      |          ^~~~~~~~~~~~
compilation terminated.
gmake[1]: *** [CMakeFiles/cmTC_b4655.dir/build.make:85: CMakeFiles/cmTC_b4655.dir/src.cxx.o] Error 1
gmake[1]: Leaving directory '/home/cole/Desktop/funny/tirtlecoin/build/CMakeFiles/CMakeTmp'
gmake: *** [Makefile:140: cmTC_b4655/fast] Error 2


Source file was:

#include <arm_neon.h>
int main() {
  uint8_t val = 3, dup[8];
  uint8x16_t v = vld1q_dup_u8(&val);
  vst1q_u8(dup, v);
  return 0;
}
